<?xml version="1.0" encoding="UTF-8"?>
<!-- Generated by org.testng.reporters.JUnitXMLReporter -->
<testsuite ignored="0" hostname="LAPTOP-3H30QG7K" failures="0" tests="19" name="Default test" time="3.094" errors="0" timestamp="2024-08-07T21:34:22 AEST">
  <testcase classname="basepackage.BaseClass" name="@BeforeTest SetUp" time="2.887">
    <failure type="org.openqa.selenium.NoSuchWindowException" message="no such window: target window already closed
from unknown error: web view not found
  (Session info: chrome=127.0.6533.99)
Build info: version: &amp;apos;4.21.0&amp;apos;, revision: &amp;apos;79ed462ef4&amp;apos;
System info: os.name: &amp;apos;Windows 11&amp;apos;, os.arch: &amp;apos;amd64&amp;apos;, os.version: &amp;apos;10.0&amp;apos;, java.version: &amp;apos;17.0.10&amp;apos;
Driver info: org.openqa.selenium.chrome.ChromeDriver
Command: [1e58e9bc017d3caac55a9c83b246ac77, maximizeCurrentWindow {}]
Capabilities {acceptInsecureCerts: false, browserName: chrome, browserVersion: 127.0.6533.99, chrome: {chromedriverVersion: 127.0.6533.99 (f31af5097d90..., userDataDir: C:\Users\Anoop\AppData\Loca...}, fedcm:accounts: true, goog:chromeOptions: {debuggerAddress: localhost:51166}, networkConnectionEnabled: false, pageLoadStrategy: normal, platformName: windows, proxy: Proxy(), se:cdp: ws://localhost:51166/devtoo..., se:cdpVersion: 127.0.6533.99, setWindowRect: true, strictFileInteractability: false, timeouts: {implicit: 0, pageLoad: 300000, script: 30000}, unhandledPromptBehavior: dismiss and notify, webauthn:extension:credBlob: true, webauthn:extension:largeBlob: true, webauthn:extension:minPinLength: true, webauthn:extension:prf: true, webauthn:virtualAuthenticators: true}
Session ID: 1e58e9bc017d3caac55a9c83b246ac77">
      <![CDATA[org.openqa.selenium.NoSuchWindowException: no such window: target window already closed
from unknown error: web view not found
  (Session info: chrome=127.0.6533.99)
Build info: version: '4.21.0', revision: '79ed462ef4'
System info: os.name: 'Windows 11', os.arch: 'amd64', os.version: '10.0', java.version: '17.0.10'
Driver info: org.openqa.selenium.chrome.ChromeDriver
Command: [1e58e9bc017d3caac55a9c83b246ac77, maximizeCurrentWindow {}]
Capabilities {acceptInsecureCerts: false, browserName: chrome, browserVersion: 127.0.6533.99, chrome: {chromedriverVersion: 127.0.6533.99 (f31af5097d90..., userDataDir: C:\Users\Anoop\AppData\Loca...}, fedcm:accounts: true, goog:chromeOptions: {debuggerAddress: localhost:51166}, networkConnectionEnabled: false, pageLoadStrategy: normal, platformName: windows, proxy: Proxy(), se:cdp: ws://localhost:51166/devtoo..., se:cdpVersion: 127.0.6533.99, setWindowRect: true, strictFileInteractability: false, timeouts: {implicit: 0, pageLoad: 300000, script: 30000}, unhandledPromptBehavior: dismiss and notify, webauthn:extension:credBlob: true, webauthn:extension:largeBlob: true, webauthn:extension:minPinLength: true, webauthn:extension:prf: true, webauthn:virtualAuthenticators: true}
Session ID: 1e58e9bc017d3caac55a9c83b246ac77
at java.base/jdk.internal.reflect.NativeConstructorAccessorImpl.newInstance0(Native Method)
at java.base/jdk.internal.reflect.NativeConstructorAccessorImpl.newInstance(NativeConstructorAccessorImpl.java:77)
at java.base/jdk.internal.reflect.DelegatingConstructorAccessorImpl.newInstance(DelegatingConstructorAccessorImpl.java:45)
at java.base/java.lang.reflect.Constructor.newInstanceWithCaller(Constructor.java:499)
at java.base/java.lang.reflect.Constructor.newInstance(Constructor.java:480)
at org.openqa.selenium.remote.ErrorCodec.decode(ErrorCodec.java:167)
at org.openqa.selenium.remote.codec.w3c.W3CHttpResponseCodec.decode(W3CHttpResponseCodec.java:138)
at org.openqa.selenium.remote.codec.w3c.W3CHttpResponseCodec.decode(W3CHttpResponseCodec.java:50)
at org.openqa.selenium.remote.HttpCommandExecutor.execute(HttpCommandExecutor.java:190)
at org.openqa.selenium.remote.service.DriverCommandExecutor.invokeExecute(DriverCommandExecutor.java:216)
at org.openqa.selenium.remote.service.DriverCommandExecutor.execute(DriverCommandExecutor.java:174)
at org.openqa.selenium.remote.RemoteWebDriver.execute(RemoteWebDriver.java:518)
at org.openqa.selenium.remote.RemoteWebDriver.execute(RemoteWebDriver.java:591)
at org.openqa.selenium.remote.RemoteWebDriver.execute(RemoteWebDriver.java:595)
at org.openqa.selenium.remote.RemoteWebDriver$RemoteWebDriverOptions$RemoteWindow.maximize(RemoteWebDriver.java:1034)
at basepackage.BaseClass.SetUp(BaseClass.java:19)
at java.base/jdk.internal.reflect.NativeMethodAccessorImpl.invoke0(Native Method)
at java.base/jdk.internal.reflect.NativeMethodAccessorImpl.invoke(NativeMethodAccessorImpl.java:77)
at java.base/jdk.internal.reflect.DelegatingMethodAccessorImpl.invoke(DelegatingMethodAccessorImpl.java:43)
at java.base/java.lang.reflect.Method.invoke(Method.java:568)
at org.testng.internal.invokers.MethodInvocationHelper.invokeMethod(MethodInvocationHelper.java:141)
at org.testng.internal.invokers.MethodInvocationHelper.invokeMethodConsideringTimeout(MethodInvocationHelper.java:71)
at org.testng.internal.invokers.ConfigInvoker.invokeConfigurationMethod(ConfigInvoker.java:400)
at org.testng.internal.invokers.ConfigInvoker.invokeConfigurations(ConfigInvoker.java:333)
at org.testng.TestRunner.invokeTestConfigurations(TestRunner.java:655)
at org.testng.TestRunner.beforeRun(TestRunner.java:644)
at org.testng.TestRunner.run(TestRunner.java:610)
at org.testng.SuiteRunner.runTest(SuiteRunner.java:421)
at org.testng.SuiteRunner.runSequentially(SuiteRunner.java:413)
at org.testng.SuiteRunner.privateRun(SuiteRunner.java:373)
at org.testng.SuiteRunner.run(SuiteRunner.java:312)
at org.testng.SuiteRunnerWorker.runSuite(SuiteRunnerWorker.java:52)
at org.testng.SuiteRunnerWorker.run(SuiteRunnerWorker.java:95)
at org.testng.TestNG.runSuitesSequentially(TestNG.java:1274)
at org.testng.TestNG.runSuitesLocally(TestNG.java:1208)
at org.testng.TestNG.runSuites(TestNG.java:1112)
at org.testng.TestNG.run(TestNG.java:1079)
at org.testng.remote.AbstractRemoteTestNG.run(AbstractRemoteTestNG.java:115)
at org.testng.remote.RemoteTestNG.initAndRun(RemoteTestNG.java:293)
at org.testng.remote.RemoteTestNG.main(RemoteTestNG.java:91)
]]>
    </failure>
  </testcase> <!-- @BeforeTest SetUp -->
  <testcase classname="testpackage.MainPageTest" name="@BeforeClass setUp" time="0.0">
    <skipped/>
  </testcase> <!-- @BeforeClass setUp -->
  <testcase classname="basepackage.BaseClass" name="@AfterTest AfterTesting" time="0.0">
    <skipped/>
  </testcase> <!-- @AfterTest AfterTesting -->
  <testcase classname="testpackage.MainPageTest" name="TestPassingValuestoTextFields" time="0.0">
    <skipped/>
  </testcase> <!-- TestPassingValuestoTextFields -->
  <testcase classname="testpackage.MainPageTest" name="TestGenderRadiobutton" time="0.0">
    <skipped/>
  </testcase> <!-- TestGenderRadiobutton -->
  <testcase classname="testpackage.MainPageTest" name="testCheckAllCheckBoxes" time="0.0">
    <skipped/>
  </testcase> <!-- testCheckAllCheckBoxes -->
  <testcase classname="testpackage.MainPageTest" name="testUncheckAllCheckBoxes" time="0.0">
    <skipped/>
  </testcase> <!-- testUncheckAllCheckBoxes -->
  <testcase classname="testpackage.MainPageTest" name="testCountryDropdown" time="0.0">
    <skipped/>
  </testcase> <!-- testCountryDropdown -->
  <testcase classname="testpackage.MainPageTest" name="testMultiSelectDropdown" time="0.001">
    <skipped/>
  </testcase> <!-- testMultiSelectDropdown -->
  <testcase classname="testpackage.MainPageTest" name="testDatepickerforDate" time="0.0">
    <skipped/>
  </testcase> <!-- testDatepickerforDate -->
  <testcase classname="testpackage.MainPageTest" name="testWikipediaSearch" time="0.0">
    <skipped/>
  </testcase> <!-- testWikipediaSearch -->
  <testcase classname="testpackage.MainPageTest" name="testPaginationTable" time="0.0">
    <skipped/>
  </testcase> <!-- testPaginationTable -->
  <testcase classname="testpackage.MainPageTest" name="testBooksWebTableTable" time="0.0">
    <skipped/>
  </testcase> <!-- testBooksWebTableTable -->
  <testcase classname="testpackage.MainPageTest" name="testNavigationtoOpenCart" time="0.0">
    <skipped/>
  </testcase> <!-- testNavigationtoOpenCart -->
  <testcase classname="testpackage.MainPageTest" name="testJavascriptAlerts" time="0.0">
    <skipped/>
  </testcase> <!-- testJavascriptAlerts -->
  <testcase classname="testpackage.MainPageTest" name="testPromptAlert" time="0.0">
    <skipped/>
  </testcase> <!-- testPromptAlert -->
  <testcase classname="testpackage.MainPageTest" name="testConfirmationTextAlert" time="0.0">
    <skipped/>
  </testcase> <!-- testConfirmationTextAlert -->
  <testcase classname="testpackage.MainPageTest" name="testverifyDoubleClick" time="0.0">
    <skipped/>
  </testcase> <!-- testverifyDoubleClick -->
  <testcase classname="testpackage.MainPageTest" name="testverifyDragnDrop" time="0.001">
    <skipped/>
  </testcase> <!-- testverifyDragnDrop -->
  <testcase classname="testpackage.MainPageTest" name="testSlider" time="0.0">
    <skipped/>
  </testcase> <!-- testSlider -->
  <testcase classname="testpackage.MainPageTest" name="testResizing" time="0.0">
    <skipped/>
  </testcase> <!-- testResizing -->
  <testcase classname="testpackage.MainPageTest" name="testIFrames" time="0.0">
    <skipped/>
  </testcase> <!-- testIFrames -->
</testsuite> <!-- Default test -->
